1725209493.860173 client started (276984): version 3.4, socket /tmp/tmux-1000/default, protocol 8
1725209493.860218 on Linux 6.6.32 #1-NixOS SMP PREEMPT_DYNAMIC Sat May 25 14:22:56 UTC 2024
1725209493.860220 using libevent 2.1.12-stable poll
1725209493.860227 using utf8proc 2.9.0
1725209493.860228 using ncurses 6.4 20221231
1725209493.860241 flags are 0x10010000
1725209493.860253 socket is /tmp/tmux-1000/default
1725209493.860269 trying connect
1725209493.860334 add peer 0xd63790: 6 ((nil))
1725209493.860687 sending message 100 to peer 0xd63790 (4 bytes)
1725209493.860692 sending message 111 to peer 0xd63790 (8 bytes)
1725209493.860694 sending message 101 to peer 0xd63790 (14 bytes)
1725209493.860696 sending message 109 to peer 0xd63790 (4 bytes)
1725209493.860698 sending message 102 to peer 0xd63790 (11 bytes)
1725209493.860700 sending message 108 to peer 0xd63790 (23 bytes)
1725209493.860702 sending message 112 to peer 0xd63790 (70 bytes)
1725209493.860704 sending message 112 to peer 0xd63790 (5 bytes)
1725209493.860706 sending message 112 to peer 0xd63790 (5 bytes)
1725209493.860708 sending message 112 to peer 0xd63790 (6 bytes)
1725209493.860710 sending message 112 to peer 0xd63790 (6 bytes)
1725209493.860712 sending message 112 to peer 0xd63790 (11 bytes)
1725209493.860714 sending message 112 to peer 0xd63790 (10 bytes)
1725209493.860716 sending message 112 to peer 0xd63790 (13 bytes)
1725209493.860718 sending message 112 to peer 0xd63790 (13 bytes)
1725209493.860720 sending message 112 to peer 0xd63790 (18 bytes)
1725209493.860722 sending message 112 to peer 0xd63790 (11 bytes)
1725209493.860724 sending message 112 to peer 0xd63790 (10 bytes)
1725209493.860726 sending message 112 to peer 0xd63790 (15 bytes)
1725209493.860729 sending message 112 to peer 0xd63790 (21 bytes)
1725209493.860731 sending message 112 to peer 0xd63790 (13 bytes)
1725209493.860733 sending message 112 to peer 0xd63790 (7 bytes)
1725209493.860736 sending message 112 to peer 0xd63790 (13 bytes)
1725209493.860738 sending message 112 to peer 0xd63790 (7 bytes)
1725209493.860740 sending message 112 to peer 0xd63790 (13 bytes)
1725209493.860743 sending message 112 to peer 0xd63790 (9 bytes)
1725209493.860745 sending message 112 to peer 0xd63790 (21 bytes)
1725209493.860747 sending message 112 to peer 0xd63790 (13 bytes)
1725209493.860750 sending message 112 to peer 0xd63790 (8 bytes)
1725209493.860752 sending message 112 to peer 0xd63790 (12 bytes)
1725209493.860754 sending message 112 to peer 0xd63790 (13 bytes)
1725209493.860756 sending message 112 to peer 0xd63790 (9 bytes)
1725209493.860759 sending message 112 to peer 0xd63790 (9 bytes)
1725209493.860761 sending message 112 to peer 0xd63790 (12 bytes)
1725209493.860764 sending message 112 to peer 0xd63790 (8 bytes)
1725209493.860766 sending message 112 to peer 0xd63790 (8 bytes)
1725209493.860768 sending message 112 to peer 0xd63790 (7 bytes)
1725209493.860771 sending message 112 to peer 0xd63790 (7 bytes)
1725209493.860773 sending message 112 to peer 0xd63790 (9 bytes)
1725209493.860776 sending message 112 to peer 0xd63790 (13 bytes)
1725209493.860778 sending message 112 to peer 0xd63790 (6 bytes)
1725209493.860780 sending message 112 to peer 0xd63790 (9 bytes)
1725209493.860782 sending message 112 to peer 0xd63790 (15 bytes)
1725209493.860784 sending message 112 to peer 0xd63790 (13 bytes)
1725209493.860786 sending message 112 to peer 0xd63790 (12 bytes)
1725209493.860788 sending message 112 to peer 0xd63790 (8 bytes)
1725209493.860790 sending message 112 to peer 0xd63790 (14 bytes)
1725209493.860792 sending message 112 to peer 0xd63790 (11 bytes)
1725209493.860793 sending message 112 to peer 0xd63790 (9 bytes)
1725209493.860795 sending message 112 to peer 0xd63790 (10 bytes)
1725209493.860797 sending message 112 to peer 0xd63790 (10 bytes)
1725209493.860799 sending message 112 to peer 0xd63790 (10 bytes)
1725209493.860801 sending message 112 to peer 0xd63790 (10 bytes)
1725209493.860803 sending message 112 to peer 0xd63790 (11 bytes)
1725209493.860805 sending message 112 to peer 0xd63790 (12 bytes)
1725209493.860815 sending message 112 to peer 0xd63790 (12 bytes)
1725209493.860817 sending message 112 to peer 0xd63790 (12 bytes)
1725209493.860819 sending message 112 to peer 0xd63790 (12 bytes)
1725209493.860821 sending message 112 to peer 0xd63790 (12 bytes)
1725209493.860823 sending message 112 to peer 0xd63790 (11 bytes)
1725209493.860825 sending message 112 to peer 0xd63790 (11 bytes)
1725209493.860827 sending message 112 to peer 0xd63790 (12 bytes)
1725209493.860829 sending message 112 to peer 0xd63790 (12 bytes)
1725209493.860831 sending message 112 to peer 0xd63790 (12 bytes)
1725209493.860833 sending message 112 to peer 0xd63790 (12 bytes)
1725209493.860835 sending message 112 to peer 0xd63790 (12 bytes)
1725209493.860837 sending message 112 to peer 0xd63790 (10 bytes)
1725209493.860839 sending message 112 to peer 0xd63790 (12 bytes)
1725209493.860841 sending message 112 to peer 0xd63790 (13 bytes)
1725209493.860843 sending message 112 to peer 0xd63790 (13 bytes)
1725209493.860844 sending message 112 to peer 0xd63790 (13 bytes)
1725209493.860846 sending message 112 to peer 0xd63790 (13 bytes)
1725209493.860848 sending message 112 to peer 0xd63790 (13 bytes)
1725209493.860850 sending message 112 to peer 0xd63790 (8 bytes)
1725209493.860852 sending message 112 to peer 0xd63790 (11 bytes)
1725209493.860854 sending message 112 to peer 0xd63790 (11 bytes)
1725209493.860856 sending message 112 to peer 0xd63790 (11 bytes)
1725209493.860858 sending message 112 to peer 0xd63790 (12 bytes)
1725209493.860860 sending message 112 to peer 0xd63790 (12 bytes)
1725209493.860862 sending message 112 to peer 0xd63790 (12 bytes)
1725209493.860864 sending message 112 to peer 0xd63790 (12 bytes)
1725209493.860866 sending message 112 to peer 0xd63790 (13 bytes)
1725209493.860868 sending message 112 to peer 0xd63790 (13 bytes)
1725209493.860870 sending message 112 to peer 0xd63790 (13 bytes)
1725209493.860872 sending message 112 to peer 0xd63790 (8 bytes)
1725209493.860874 sending message 112 to peer 0xd63790 (13 bytes)
1725209493.860876 sending message 112 to peer 0xd63790 (13 bytes)
1725209493.860878 sending message 112 to peer 0xd63790 (13 bytes)
1725209493.860880 sending message 112 to peer 0xd63790 (13 bytes)
1725209493.860882 sending message 112 to peer 0xd63790 (13 bytes)
1725209493.860884 sending message 112 to peer 0xd63790 (12 bytes)
1725209493.860886 sending message 112 to peer 0xd63790 (12 bytes)
1725209493.860888 sending message 112 to peer 0xd63790 (12 bytes)
1725209493.860890 sending message 112 to peer 0xd63790 (12 bytes)
1725209493.860892 sending message 112 to peer 0xd63790 (13 bytes)
1725209493.860894 sending message 112 to peer 0xd63790 (8 bytes)
1725209493.860895 sending message 112 to peer 0xd63790 (13 bytes)
1725209493.860897 sending message 112 to peer 0xd63790 (13 bytes)
1725209493.860899 sending message 112 to peer 0xd63790 (13 bytes)
1725209493.860901 sending message 112 to peer 0xd63790 (13 bytes)
1725209493.860903 sending message 112 to peer 0xd63790 (13 bytes)
1725209493.860905 sending message 112 to peer 0xd63790 (13 bytes)
1725209493.860907 sending message 112 to peer 0xd63790 (13 bytes)
1725209493.860909 sending message 112 to peer 0xd63790 (12 bytes)
1725209493.860911 sending message 112 to peer 0xd63790 (12 bytes)
1725209493.860913 sending message 112 to peer 0xd63790 (12 bytes)
1725209493.860915 sending message 112 to peer 0xd63790 (8 bytes)
1725209493.860917 sending message 112 to peer 0xd63790 (12 bytes)
1725209493.860919 sending message 112 to peer 0xd63790 (13 bytes)
1725209493.860921 sending message 112 to peer 0xd63790 (13 bytes)
1725209493.860923 sending message 112 to peer 0xd63790 (13 bytes)
1725209493.860925 sending message 112 to peer 0xd63790 (13 bytes)
1725209493.860927 sending message 112 to peer 0xd63790 (13 bytes)
1725209493.860929 sending message 112 to peer 0xd63790 (13 bytes)
1725209493.860931 sending message 112 to peer 0xd63790 (13 bytes)
1725209493.860933 sending message 112 to peer 0xd63790 (13 bytes)
1725209493.860935 sending message 112 to peer 0xd63790 (12 bytes)
1725209493.860937 sending message 112 to peer 0xd63790 (10 bytes)
1725209493.860945 sending message 112 to peer 0xd63790 (12 bytes)
1725209493.860947 sending message 112 to peer 0xd63790 (12 bytes)
1725209493.860949 sending message 112 to peer 0xd63790 (12 bytes)
1725209493.860951 sending message 112 to peer 0xd63790 (13 bytes)
1725209493.860953 sending message 112 to peer 0xd63790 (13 bytes)
1725209493.860955 sending message 112 to peer 0xd63790 (13 bytes)
1725209493.860956 sending message 112 to peer 0xd63790 (13 bytes)
1725209493.860958 sending message 112 to peer 0xd63790 (13 bytes)
1725209493.860960 sending message 112 to peer 0xd63790 (13 bytes)
1725209493.860962 sending message 112 to peer 0xd63790 (13 bytes)
1725209493.860964 sending message 112 to peer 0xd63790 (10 bytes)
1725209493.860966 sending message 112 to peer 0xd63790 (13 bytes)
1725209493.860968 sending message 112 to peer 0xd63790 (12 bytes)
1725209493.860970 sending message 112 to peer 0xd63790 (12 bytes)
1725209493.860972 sending message 112 to peer 0xd63790 (12 bytes)
1725209493.860974 sending message 112 to peer 0xd63790 (10 bytes)
1725209493.860976 sending message 112 to peer 0xd63790 (10 bytes)
1725209493.860978 sending message 112 to peer 0xd63790 (10 bytes)
1725209493.860980 sending message 112 to peer 0xd63790 (12 bytes)
1725209493.860982 sending message 112 to peer 0xd63790 (13 bytes)
1725209493.860984 sending message 112 to peer 0xd63790 (13 bytes)
1725209493.860986 sending message 112 to peer 0xd63790 (13 bytes)
1725209493.860988 sending message 112 to peer 0xd63790 (13 bytes)
1725209493.860990 sending message 112 to peer 0xd63790 (13 bytes)
1725209493.860992 sending message 112 to peer 0xd63790 (11 bytes)
1725209493.860994 sending message 112 to peer 0xd63790 (11 bytes)
1725209493.860996 sending message 112 to peer 0xd63790 (12 bytes)
1725209493.860997 sending message 112 to peer 0xd63790 (12 bytes)
1725209493.860999 sending message 112 to peer 0xd63790 (12 bytes)
1725209493.861001 sending message 112 to peer 0xd63790 (12 bytes)
1725209493.861003 sending message 112 to peer 0xd63790 (12 bytes)
1725209493.861005 sending message 112 to peer 0xd63790 (11 bytes)
1725209493.861007 sending message 112 to peer 0xd63790 (12 bytes)
1725209493.861009 sending message 112 to peer 0xd63790 (12 bytes)
1725209493.861011 sending message 112 to peer 0xd63790 (13 bytes)
1725209493.861013 sending message 112 to peer 0xd63790 (13 bytes)
1725209493.861015 sending message 112 to peer 0xd63790 (13 bytes)
1725209493.861017 sending message 112 to peer 0xd63790 (13 bytes)
1725209493.861019 sending message 112 to peer 0xd63790 (13 bytes)
1725209493.861021 sending message 112 to peer 0xd63790 (10 bytes)
1725209493.861036 sending message 112 to peer 0xd63790 (9 bytes)
1725209493.861037 sending message 112 to peer 0xd63790 (12 bytes)
1725209493.861039 sending message 112 to peer 0xd63790 (13 bytes)
1725209493.861041 sending message 112 to peer 0xd63790 (13 bytes)
1725209493.861043 sending message 112 to peer 0xd63790 (13 bytes)
1725209493.861045 sending message 112 to peer 0xd63790 (13 bytes)
1725209493.861055 sending message 112 to peer 0xd63790 (13 bytes)
1725209493.861057 sending message 112 to peer 0xd63790 (9 bytes)
1725209493.861059 sending message 112 to peer 0xd63790 (12 bytes)
1725209493.861061 sending message 112 to peer 0xd63790 (13 bytes)
1725209493.861063 sending message 112 to peer 0xd63790 (13 bytes)
1725209493.861065 sending message 112 to peer 0xd63790 (13 bytes)
1725209493.861068 sending message 112 to peer 0xd63790 (13 bytes)
1725209493.861070 sending message 112 to peer 0xd63790 (13 bytes)
1725209493.861072 sending message 112 to peer 0xd63790 (11 bytes)
1725209493.861074 sending message 112 to peer 0xd63790 (12 bytes)
1725209493.861076 sending message 112 to peer 0xd63790 (13 bytes)
1725209493.861078 sending message 112 to peer 0xd63790 (13 bytes)
1725209493.861080 sending message 112 to peer 0xd63790 (13 bytes)
1725209493.861082 sending message 112 to peer 0xd63790 (13 bytes)
1725209493.861084 sending message 112 to peer 0xd63790 (13 bytes)
1725209493.861086 sending message 112 to peer 0xd63790 (11 bytes)
1725209493.861093 sending message 112 to peer 0xd63790 (12 bytes)
1725209493.861095 sending message 112 to peer 0xd63790 (12 bytes)
1725209493.861097 sending message 112 to peer 0xd63790 (12 bytes)
1725209493.861099 sending message 112 to peer 0xd63790 (12 bytes)
1725209493.861101 sending message 112 to peer 0xd63790 (12 bytes)
1725209493.861103 sending message 112 to peer 0xd63790 (21 bytes)
1725209493.861105 sending message 112 to peer 0xd63790 (12 bytes)
1725209493.861107 sending message 112 to peer 0xd63790 (9 bytes)
1725209493.861109 sending message 112 to peer 0xd63790 (6 bytes)
1725209493.861111 sending message 112 to peer 0xd63790 (13 bytes)
1725209493.861113 sending message 112 to peer 0xd63790 (8 bytes)
1725209493.861115 sending message 112 to peer 0xd63790 (15 bytes)
1725209493.861117 sending message 112 to peer 0xd63790 (13 bytes)
1725209493.861119 sending message 112 to peer 0xd63790 (9 bytes)
1725209493.861121 sending message 112 to peer 0xd63790 (70 bytes)
1725209493.861123 sending message 112 to peer 0xd63790 (69 bytes)
1725209493.861125 sending message 112 to peer 0xd63790 (10 bytes)
1725209493.861127 sending message 112 to peer 0xd63790 (10 bytes)
1725209493.861129 sending message 112 to peer 0xd63790 (8 bytes)
1725209493.861131 sending message 112 to peer 0xd63790 (15 bytes)
1725209493.861133 sending message 112 to peer 0xd63790 (13 bytes)
1725209493.861135 sending message 112 to peer 0xd63790 (10 bytes)
1725209493.861137 sending message 112 to peer 0xd63790 (10 bytes)
1725209493.861139 sending message 112 to peer 0xd63790 (17 bytes)
1725209493.861141 sending message 112 to peer 0xd63790 (10 bytes)
1725209493.861143 sending message 112 to peer 0xd63790 (13 bytes)
1725209493.861145 sending message 112 to peer 0xd63790 (9 bytes)
1725209493.861147 sending message 112 to peer 0xd63790 (5 bytes)
1725209493.861149 sending message 112 to peer 0xd63790 (15 bytes)
1725209493.861152 sending message 104 to peer 0xd63790 (0 bytes)
1725209493.861154 sending message 110 to peer 0xd63790 (0 bytes)
1725209493.861157 sending message 107 to peer 0xd63790 (4 bytes)
1725209493.861159 sending message 105 to peer 0xd63790 (38 bytes)
1725209493.861161 sending message 105 to peer 0xd63790 (21 bytes)
1725209493.861163 sending message 105 to peer 0xd63790 (20 bytes)
1725209493.861165 sending message 105 to peer 0xd63790 (49 bytes)
1725209493.861167 sending message 105 to peer 0xd63790 (224 bytes)
1725209493.861169 sending message 105 to peer 0xd63790 (25 bytes)
1725209493.861171 sending message 105 to peer 0xd63790 (20 bytes)
1725209493.861173 sending message 105 to peer 0xd63790 (37 bytes)
1725209493.861175 sending message 105 to peer 0xd63790 (23 bytes)
1725209493.861177 sending message 105 to peer 0xd63790 (20 bytes)
1725209493.861179 sending message 105 to peer 0xd63790 (51 bytes)
1725209493.861181 sending message 105 to peer 0xd63790 (517 bytes)
1725209493.861183 sending message 105 to peer 0xd63790 (57 bytes)
1725209493.861185 sending message 105 to peer 0xd63790 (24 bytes)
1725209493.861187 sending message 105 to peer 0xd63790 (15 bytes)
1725209493.861189 sending message 105 to peer 0xd63790 (64 bytes)
1725209493.861192 sending message 105 to peer 0xd63790 (15 bytes)
1725209493.861194 sending message 105 to peer 0xd63790 (16 bytes)
1725209493.861196 sending message 105 to peer 0xd63790 (19 bytes)
1725209493.861198 sending message 105 to peer 0xd63790 (12 bytes)
1725209493.861200 sending message 105 to peer 0xd63790 (115 bytes)
1725209493.861202 sending message 105 to peer 0xd63790 (15 bytes)
1725209493.861204 sending message 105 to peer 0xd63790 (27 bytes)
1725209493.861206 sending message 105 to peer 0xd63790 (164 bytes)
1725209493.861208 sending message 105 to peer 0xd63790 (12 bytes)
1725209493.861210 sending message 105 to peer 0xd63790 (25 bytes)
1725209493.861212 sending message 105 to peer 0xd63790 (76 bytes)
1725209493.861214 sending message 105 to peer 0xd63790 (43 bytes)
1725209493.861216 sending message 105 to peer 0xd63790 (60 bytes)
1725209493.861218 sending message 105 to peer 0xd63790 (15 bytes)
1725209493.861225 sending message 105 to peer 0xd63790 (13 bytes)
1725209493.861227 sending message 105 to peer 0xd63790 (21 bytes)
1725209493.861229 sending message 105 to peer 0xd63790 (17 bytes)
1725209493.861231 sending message 105 to peer 0xd63790 (17 bytes)
1725209493.861233 sending message 105 to peer 0xd63790 (30 bytes)
1725209493.861235 sending message 105 to peer 0xd63790 (1905 bytes)
1725209493.861245 sending message 105 to peer 0xd63790 (29 bytes)
1725209493.861247 sending message 105 to peer 0xd63790 (26 bytes)
1725209493.861249 sending message 105 to peer 0xd63790 (30 bytes)
1725209493.861251 sending message 105 to peer 0xd63790 (95 bytes)
1725209493.861253 sending message 105 to peer 0xd63790 (18 bytes)
1725209493.861255 sending message 105 to peer 0xd63790 (14 bytes)
1725209493.861257 sending message 105 to peer 0xd63790 (56 bytes)
1725209493.861259 sending message 105 to peer 0xd63790 (407 bytes)
1725209493.861261 sending message 105 to peer 0xd63790 (23 bytes)
1725209493.861263 sending message 105 to peer 0xd63790 (85 bytes)
1725209493.861265 sending message 105 to peer 0xd63790 (19 bytes)
1725209493.861267 sending message 105 to peer 0xd63790 (30 bytes)
1725209493.861269 sending message 105 to peer 0xd63790 (678 bytes)
1725209493.861271 sending message 105 to peer 0xd63790 (87 bytes)
1725209493.861273 sending message 105 to peer 0xd63790 (9 bytes)
1725209493.861275 sending message 105 to peer 0xd63790 (13 bytes)
1725209493.861277 sending message 105 to peer 0xd63790 (20 bytes)
1725209493.861279 sending message 105 to peer 0xd63790 (51 bytes)
1725209493.861281 sending message 105 to peer 0xd63790 (11 bytes)
1725209493.861283 sending message 105 to peer 0xd63790 (8 bytes)
1725209493.861285 sending message 105 to peer 0xd63790 (21 bytes)
1725209493.861287 sending message 105 to peer 0xd63790 (11 bytes)
1725209493.861289 sending message 105 to peer 0xd63790 (25 bytes)
1725209493.861291 sending message 105 to peer 0xd63790 (298 bytes)
1725209493.861293 sending message 105 to peer 0xd63790 (27 bytes)
1725209493.861295 sending message 105 to peer 0xd63790 (31 bytes)
1725209493.861297 sending message 105 to peer 0xd63790 (11 bytes)
1725209493.861299 sending message 105 to peer 0xd63790 (17 bytes)
1725209493.861301 sending message 105 to peer 0xd63790 (64 bytes)
1725209493.861303 sending message 105 to peer 0xd63790 (72 bytes)
1725209493.861305 sending message 105 to peer 0xd63790 (255 bytes)
1725209493.861307 sending message 105 to peer 0xd63790 (84 bytes)
1725209493.861309 sending message 105 to peer 0xd63790 (31 bytes)
1725209493.861311 sending message 105 to peer 0xd63790 (83 bytes)
1725209493.861313 sending message 105 to peer 0xd63790 (20 bytes)
1725209493.861315 sending message 105 to peer 0xd63790 (201 bytes)
1725209493.861317 sending message 105 to peer 0xd63790 (16 bytes)
1725209493.861319 sending message 105 to peer 0xd63790 (212 bytes)
1725209493.861321 sending message 105 to peer 0xd63790 (596 bytes)
1725209493.861323 sending message 105 to peer 0xd63790 (54 bytes)
1725209493.861326 sending message 105 to peer 0xd63790 (70 bytes)
1725209493.861328 sending message 105 to peer 0xd63790 (90 bytes)
1725209493.861330 sending message 105 to peer 0xd63790 (23 bytes)
1725209493.861332 sending message 105 to peer 0xd63790 (17 bytes)
1725209493.861334 sending message 105 to peer 0xd63790 (19 bytes)
1725209493.861336 sending message 105 to peer 0xd63790 (18 bytes)
1725209493.861337 sending message 105 to peer 0xd63790 (34 bytes)
1725209493.861339 sending message 106 to peer 0xd63790 (0 bytes)
1725209493.861431 sending message 200 to peer 0xd63790 (4 bytes)
1725209493.861433 client loop enter
1725209493.863454 peer 0xd63790 message 303
1725209493.863479 open write file 2 -
1725209493.863489 sending message 305 to peer 0xd63790 (8 bytes)
1725209493.863498 write check file 2
1725209493.863626 peer 0xd63790 message 304
1725209493.863630 write 58 to file 2
1725209493.863635 peer 0xd63790 message 203
1725209493.863637 file 2 58 bytes left
1725209493.863657 write check file 2
1725209493.863669 client loop exit
